**PASS** — All stated coverage claims are verified against the uncommitted diff.

---

## Evidence summary

The single new test at `frontend/tests/smoke/browser-smoke.spec.ts:591` (`"module entitlements hide disabled modules and portal login works without tenant code"`) covers both scope areas. It ran in **2988ms**, **passed** on first try with zero errors (confirmed in `playwright-results.json`). Both `bash scripts/verify.sh` and `bash scripts/browser-smoke.sh` (7/7) passed.

### Module entitlement coverage — all claims verified

| Requirement | What the test does | Line |
|---|---|---|
| Register temp tenant | `POST /api/auth/register`, asserts 200 + `tenant.id` truthy | 593 |
| Configure modules wms=on, labor/finance=off | `PUT /api/developer/tenants/:id/modules` | 595 |
| Login via tenant code | Fill code/username/password → assert `/dashboard` | 597-602 |
| Disabled menus hidden | `劳资管理` count 0, `财务管理` count 0 | 604-606 |
| Enabled menus visible | `物资管理` visible | 604 |
| Disabled frontend routes redirect | `/labor/personnel` → `/dashboard`, `/finance/dept-entry` → `/dashboard` | 609-612 |
| Enabled frontend route loads | `/wms/materials` → stays on route, heading `物资总览` visible | 613-615 |
| Disabled module API returns 403 | `/api/labor/personnel` → 403, `/api/finance/expenses` → 403 | 619-630 |
| API error code is `MODULE_NOT_ENABLED` | Checks `laborBody?.error \|\| laborBody?.code` | 624, 630 |
| Enabled module API returns 200 | `/api/wms/inventory` → 200 | 631-634 |

### Independent portal login coverage — all claims verified

| Requirement | What the test does | Line |
|---|---|---|
| Enable tenant portal | `PUT /api/developer/tenants/:id/portal` with `isEnabled: true` | 636 |
| Tenant-specific branding on login page | Asserts `独立门户验收登录{stamp}` and `独立门户验收企业{stamp} · 独立登录入口` visible | 639-640 |
| Tenant-code field hidden | `请输入企业代码` count 0 | 641 |
| Developer login tab hidden | `开发者登录` button count 0 | 642 |
| Login without tenant code | Fill only username/password → assert `/dashboard` | 643-646 |
| Module entitlements still enforced post-portal-login | `物资管理` visible, `劳资管理` count 0 | 647-648 |

### Backend implementation verified (code-explorer audit)

- **`PUT .../tenants/:id/modules`** at `backend/src/modules/developer/routes.ts:207` — delegates to `updateTenantModuleEntitlements` using `prisma.tenantModuleEntitlement.upsert`
- **`PUT .../tenants/:id/portal`** at `backend/src/modules/developer/routes.ts:239` — delegates to `updateTenantPortalConfig`, validates domain/color, checks uniqueness
- **Backend guard** at `backend/src/common/middleware/module.ts` — `requireTenantModule(moduleKey)` middleware returns 403 `{ error: 'MODULE_NOT_ENABLED', message: '该企业未开通此模块' }`
- **Wired in app.ts** at lines 105-114: `/api/wms` → `requireTenantModule('wms')`, same for labor/finance
- **Frontend route guard** (`ModuleRoute` component) at `frontend/src/App.tsx:130` — `<Navigate to="/dashboard" replace />` for disabled modules
- **Sidebar menu filtering** at `frontend/src/components/layout/Layout.tsx:497` — filters items by `hasModule()`
- **Login page portal flow** at `frontend/src/pages/auth/Login.tsx` — portal config triggers hiding of tenant-code field, developer-tab, registration link

---

## Non-blocking follow-ups (low risk)

1. **Waste fallback in error assertion** (line 624): `laborBody?.error || laborBody?.code` — the backend consistently returns `error` as the field name, so `laborBody?.code` is dead code that never activates. Harmless, not worth a fix.

2. **Hardcoded `127.0.0.1` as portal domain** (line 636 of the test): If the smoke suite is ever run against a non-localhost hostname (CI, Docker), portal config lookup by hostname will fail. Acceptable for a dev-only smoke test; would need parameterization for CI.

3. **No tenant cleanup after test**: Created tenant + portal config + user accumulate in the database. Follows the existing pattern in the suite — not a bug but worth noting for long-running dev instances.

4. **`ensureTenantModuleEntitlements` auto-enables missing modules** (per code-explorer audit): If the module entitlement table rows for the new tenant aren't created yet before the configure call race condition... in practice the flow is synchronous (create → configure → login), so the developer API call overrides any auto-enabled defaults before the enterprise user logs in. No practical risk.
