以下是审计报告。

---

## 审计报告：完整浏览器路由矩阵

**审计员**：audit_worker  
**检查项**：`frontend/tests/smoke/browser-smoke.spec.ts`（3 个新增测试 + 行 376-388 的 2 个全路由遍历测试）  
**结果**：4/4 通过 | 期间：51s | 产生了 46 张全页面截图

---

### 矩阵覆盖验证

**企业端路由**（代码 35 个静态路由 → 测试 31 个）

| 区域 | 代码定义 | 已测试 | 遗漏 |
|-------|------------|-------|--------|
| 数据看板 | 1 | 1 | - |
| WMS（物资管理） | 7 | 7 | - |
| 劳务（劳资管理） | 6 | 6 | - |
| 财务 | 13 | 13 | - |
| 合同 | 1 | 1 | - |
| 部门 | 1 | 1 | - |
| 系统管理 | 5 | 5 | - |
| **订阅** | **1** (`/subscription`) | **0** | **❌ 订阅计划** |
| **合计** | **35** | **31** | **1 个缺失** |

**开发者端路由**（代码 15 个静态路由 → 测试 15 个）✅ 全覆盖

参数化路由（`/finance/contract-pnl/:contractId`，`/dev/tenants/:id/view`）被正确跳过——没有有效的常量 ID 就无法进行盲测。

**结论：覆盖率为 90%——企业端缺少 `/subscription` 路由。**

---

### 断言质量评估

`expectUsablePage` 包含哪些检查：

| 断言 | 能检测什么 | 漏掉了什么 |
|----------|-------------|-------|
| `toHaveURL(路由正则)` | 重定向到错误页面 / 登录回退 | — |
| `body` 无"页面加载中" | 卡在加载 spinner 状态 | 如果加载完成但显示的是空内容 |
| `body` 无"页面不存在" | 404 / 前端未匹配路由 | — |
| `body` 无"未开通" | 模块功能未开启 | — |
| `body` 无"无权限" | RBAC 拒绝访问 | — |
| `getByRole('main')` 可见 | 渲染了主要内容区域 | 一个错误页面如果包含 `<main>` 也能通过 |
| 全页面截图 | 人工视觉审查 | 在自动化流程中不会被检查 |

**此处存在一个严肃的误判风险：** 如果该路由渲染了一个带有 `<main>` 骨架的错误页面（例如 `ErrorBoundary` fallback），这几项断言都会被通过。该页面可能会显示"无数据"或"服务器错误"，但其中没有任何关键词会触发检测。一个更稳健的烟雾测试会检查已知内容文本（如页面标题或表格表头）。

---

### 判定

| 类别 | 结论 |
|----------|--------|
| **判定** | **PASS 条件性——未发现阻断性问题** |
| **阻断性问题** | 无。4/4 测试均通过，零失败，46 张截图均已产生 |
| **黄色风险** | **3 项**（见下文） |

#### 黄色风险

1.  **企业端缺失 `/subscription`**——企业端存在订阅计划页面（`frontend/src/App.tsx` 行 39），但未添加到 `enterpriseRouteMatrix`。这是新增全路由扫描时的一个遗漏，测试框架会完全漏掉它。**紧急程度：中。** 订阅页面即使不渲染也能通过，因为缺少这个路径意味着它从未被检查过。

2.  **缺少对 HTTP 错误状态的检查**——Playwright 的 `page.goto(route)` 在浏览器加载完成后就解析，不会检查 HTTP 状态码。如果一个路由返回 `500`/`502`/`503`，但错误页面仍会渲染一个 `<main>` 元素，这几项断言都会通过。**紧急程度：低**（前端错误边界通常会渲染完整的布局，但这是烟雾测试中真实存在的绿屏风险）。

3.  **缺少对实际数据的检测**——一个显示空表、无数据提示或骨架屏的页面，这几项检查仍能通过。`getByRole('main')` 并不要求其中有实际内容。**紧急程度：低**（"能打开"烟雾测试本就不要求有数据）。

---

### 这是 Product Green 的全部依据吗？

**不是。** 这份证据证明的是"所有板块都能在真实浏览器中打开，且无明显报错"——这属于**浏览器回归**级别，仅此而已。

如果目标是 Product Green，这张清单上还需要：

| 证据类型 | 尚未验证的内容 |
|---------------|-----------|
| **CRUD 操作** | 除合同和人员管理外，测试只做了"打开页面+截图"。创建/编辑/删除/批量操作均未测试。 |
| **Excel 导入** | `台账导入` 只需能打开就算通过。未验证上传/解析/预览/入库流程。 |
| **上传文件** | 仅测试了合同附件（PDF）。物资照片、人员人脸照片、Excel 导入等均未测试。 |
| **数据隔离** | 三级隔离约束未验证——能否跨项目部或项目名称看到不应看到的数据。 |
| **搜索/筛选/分页** | 任何页面都未测试。 |
| **表单交互** | 大部分页面只是打开并截图。备用金申请、费用报销、工资计算等表单提交未测试。 |
| **角色/权限逻辑** | 使用管理员账户登录，遍历所有路由——不代表受限用户能按预期看到页面视图受限或访问被拒。 |
| **错误处理** | 未测试后端宕机、无效参数、重复提交等场景。 |
| **响应式/移动端** | 视口未设置（使用默认 1280×720，来自 Playwright 配置）。未测试 320/768/1024 宽度。 |

一句话总结：如果你是 5 分钟的产品演示，这组烟雾测试已经够了。如果你是做生产环境交付验收，这组测试只是 checklist 上的第一条，后面还得补太多其他内容。

---

### 建议的下一步最小工作量

1.  **立即修复：** 在企业端路由矩阵中添加 `['订阅计划', '/subscription']`，重新运行烟雾测试。（1 行变更 + 1 次运行）
2.  **高性价比：** 在每个页面上增加一个断言，检查页面标题或表格表头，防止 `<main>` 里有内容但从没加载出真实页面就通过的误判。例如：`await expect(page.getByRole('heading', { name: /物资总览/ })).toBeVisible()`
3.  **高性价比：** 在 `expectUsablePage` 中添加 `page.waitForLoadState('networkidle')`，让 loading spinners/骨架屏有时间完成切换（而不只是依赖 `not.toContainText` 重试——虽然目前是能工作的，因为 Playwright 会重试，但如果骨架屏没有包含"页面加载中"这几个字，它就可能漏掉）
4.  **未来的开发工作：** 为 2~3 个风险最高的功能补齐深度 CRUD 测试（入库->库存验证、出库->库存扣减、工资计算->报表导出）。烟雾测试覆盖广度，深度测试覆盖深度。二者相互补充，但谁也替代不了对方。
