Looking at the test structure and the attachment model in the schema, I have enough information for a complete audit. Here are my findings:

---

## Audit Report: Phase 3 — Contract Attachments Slice

### RESULT: **PASS** (no blocking issues found)

---

### 1. Tenant Isolation & File Access Security

**Secure pattern used throughout:**
- All 4 attachment endpoints (list/upload/download/delete) extract `tenantId` from `req.user!.tenantId` and pass it to every service call.
- `getContractAttachment` / `deleteContractAttachment` filter by `WHERE tenantId = ? AND entityType = 'contract'` — cross-tenant access is not possible through the API.
- `assertContractExists` also checks `WHERE id = ? AND tenantId = ?`, so you can't attach files to a contract you don't own.

**Upload safety:**
- Multer configured with `uuidv4()` filenames (no original name on disk), 50 MB limit, MIME type + extension double-check.
- This is correct — the original filename is stored only in the DB as `fileName`, not used on the filesystem.

**Download safety:**
- Line 225 in routes.ts: `res.download(fullPath, attachment.fileName)` — the DB-recorded `fileName` is sent as the download filename. The actual disk path is a UUID. Safe.

**Delete hard-deletes from disk:**
- `service.ts:257`: `if (fs.existsSync(fullPath)) fs.unlinkSync(fullPath)` — correctly handles the missing-file edge case.
- But this is a hard delete from the `attachments` DB table, not a soft delete. The `Attachment` model has no `deletedAt` / `isActive` field. If unintended deletion occurs, recovery requires filesystem backup. **Low severity** — consistent with existing pattern in this codebase's attachment handling.

### 2. Labor Module Coupling — **Resolved**

| Before | After |
|--------|-------|
| `import { contractApi, wmsApi, laborApi }` → only `laborApi` for attachments | `import { contractApi, wmsApi, downloadBlob }` — laborApi **removed** |
| `laborApi.getAttachments('contract', id)` | `contractApi.getAttachments(contractId)` |
| `laborApi.uploadAttachment(formData)` with `entityType: 'contract'` + `entityId` | `contractApi.uploadAttachment(formData)` with `contractId` + `category` |
| `laborApi.deleteAttachment(id)` | `contractApi.deleteAttachment(id)` |
| Direct `<a>` link to `/api/uploads/{storedName}` | Programmatic `downloadBlob` via authenticated API |

The frontend no longer exposes raw file paths or references the labor module. **Clean separation.**

### 3. Missing: Rate Limiting on Download

The download endpoint (`GET /attachments/:id/download`, routes.ts:205–230) has no rate limiting. A compromised token could be used to mass-scrape all attachment files. **Medium severity** — recommend adding the same rate limiter used by other endpoints (`express-rate-limit` or similar).

### 4. Frontend Path Traversal via filePath (Pre-existing)

The `Attachment` model stores `filePath: `/uploads/${file.filename}`` (service.ts:224). In the old frontend code, `att.filePath` was used directly in an `<a href>`. **This is removed now** — the new code uses `contractApi.downloadAttachment(id)` which validates ownership server-side. This was a real vulnerability that was correctly fixed.

### 5. E2E Test Assessment — **Largely sound, one fragility**

The test at `browser-smoke.spec.ts:58–73` covers:
1. Create a contract → ✓
2. Upload fixture PDF via `input[type="file"]` → ✓
3. Click the attachment name button → triggers download → ✓
4. Verify `suggestedFilename()` → ✓
5. Delete the attachment (click `X` button with `title="删除附件"`) → ✓
6. Verify it's gone → ✓
7. Delete the test contract → ✓
8. Verify it's gone → ✓

**Concerns:**
- **`page.locator('input[type="file"]')` line 59**: If there are multiple file inputs on the page, this hits the first one. The contract detail modal should only have one, but this is a fragile selector. Recommend `page.locator('input[type="file"]').first()` or a more specific locator.
- **471-byte fixture PDF**: This is a minimal PDF. If the server or browser rejects it as malformed during upload, the test silently fails on the upload step but the download check still passes — because the download test only checks `suggestedFilename()`, not content integrity. **Low severity** — recommend verifying the download content or using a real small PDF.
- **If tests fail mid-way**: The contract (and orphaned attachment records/files) remain. The test lacks a `test.afterEach` cleanup hook. This is acceptable for a smoke test run against a sandbox DB but worth noting.

### 6. Fake-Completion / Evidence Gaps

**No gaps found.** The implementation is complete and consistent:
- All 4 CRUD operations are implemented (list, upload, download, delete) on both backend and frontend.
- The E2E test exercises all 4 operations in sequence.
- Tags data types mismatch in frontend (but that's pre-existing, not attachment-specific).
- No `TODO`, `FIXME`, or stubs in the attachment-related code.

### 7. Concrete Suggestions

| # | File:Line | Issue | Severity |
|---|-----------|-------|----------|
| 1 | `routes.ts:205-230` | Download endpoint lacks rate limiting | MEDIUM |
| 2 | `service.ts:257` | Disk file deletion in `deleteContractAttachment` — hard delete from `attachments` table, no soft-delete column exists | LOW |
| 3 | `browser-smoke.spec.ts:59` | `input[type="file"]` is a generic selector; add `.first()` or scope to the detail modal | LOW |
| 4 | `tests/fixtures/contract-attachment.pdf` | 471-byte PDF may be insufficient for content integrity verification in download test | LOW |

### Summary

The contract attachments slice is correctly implemented with tenant isolation, no labor module coupling, authenticated downloads, and full E2E coverage. The previous vulnerability (exposing raw file paths in `<a href>`) has been resolved. No blocking issues.
