I have enough context to deliver the audit verdict.

---

## S48 Audit Verdict: **PASS** ✅

### Coverage Assessment

**S48 acceptance — fully implemented & covered.** All four dropdown types in `/labor/reports` now flow through a single reusable helper:

| Type | Frontend select | Backend `/export?type=` | Real xlsx sheet | Filename | Success toast | Preview assertion |
|------|----------------|--------------------------|-----------------|----------|---------------|-------------------|
| `salary` | ✅ selectOption + toHaveValue | ✅ 200 | ✅ 月度工资汇总表 | ✅ `${month}-月度工资汇总表.xlsx` | ✅ | (intentional — empty month) |
| `social` | ✅ selectOption + toHaveValue | ✅ 200 | ✅ 社保缴纳明细表 | ✅ `${month}-社保缴纳明细表.xlsx` | ✅ | (intentional — empty month) |
| `payment` | ✅ selectOption + toHaveValue | ✅ 200 | ✅ 工资发放明细表 | ✅ `${month}-工资发放明细表.xlsx` | ✅ | ✅ preview row visible |
| `attendance` | ✅ selectOption + toHaveValue | ✅ 200 | ✅ 月度考勤汇总表 | ✅ `${month}-月度考勤汇总表.xlsx` | ✅ | ✅ recipientName absent |

Each call also exercises the **real UI export button** (`getByRole('button', { name: /导出 Excel/ })`) → `page.waitForEvent('download')` → `download.suggestedFilename()`, so the browser-trusted download path is covered end-to-end (not just API mock).

**Backwards-compat assertion retained:** legacy `?months=${month}` (no `type`) still returns the 4-sheet aggregate (月度工资汇总表 / 欠薪统计表 / 异常人员明细表 / 工资发放记录表), and `?type=unknown` still 400s with `INVALID_REPORT_TYPE` — both are real regressions guards.

### Static vs. Runtime Risk

The static graph (`detect-changes` 0.50 risk) flags the new helper as uncovered by static analysis because it's a Playwright-only construct. This is the **correct** coverage model — the helper is invoked 4× in real Chrome, so the gap is closed at runtime, not at the AST level. No action required.

### Yellow Risks / Follow-ups (non-blocking)

1. **`async function expectTypedReportExport` is declared inside `test(...)`** — fine for closure-scoped `reportTypeSelect` and `month`, but means the helper is recreated per test run. Acceptable since this is a smoke test, not a shared library.
2. **`page.locator('select').nth(1)` positional coupling** — same coupling already existed pre-S48 for the month select. If a future UI reorders selects (e.g., adds a year filter), the assertion breaks loudly — that's actually a feature, not a bug. Worth noting only as a known fragility.
3. **No download-success toast uniqueness check across 4 calls** — `expectToast(page, '报表导出成功')` may race if `react-hot-toast` debounce is slow. The current `expectToast` helper filters `[role="status"]` with `hasText` which matches the most recent toast; in practice the 4 exports are sequential so this is fine, but a `await expect(...).toBeVisible({ timeout })` wrapper would harden it. **Not blocking** — verified 1/1 in focused run.
4. **Untracked artifacts**: `docs/smoke-evidence/playwright-results.json` (160 lines) and `playwright-report/index.html` are committed in this diff. These regenerate every smoke run and add noise to future diffs. Consider `.gitignore`'ing and only committing summary evidence. **Cosmetic, not blocking S48.**

### Blocker Checklist

| Check | Result |
|-------|--------|
| Helper present and called for all 4 types | ✅ |
| Each call: select value assertion + API 200 + xlsx sheet name + UI download click + filename + toast | ✅ |
| Real Chrome (not mocked) executes the path | ✅ (verified `enterprise user can download labor salary payment and report exports` 1/1) |
| Backend S47 contract (`reportSheetLabels[type]`) matched exactly | ✅ (sheet names map 1:1 to frontend labels) |
| Frontend `downloadBlob` filename format `${month}-${label}.xlsx` matches test | ✅ (`frontend/src/pages/labor/Reports.tsx:62`) |
| Toast text `'报表导出成功'` matches frontend `toast.success` call | ✅ |
| Preview-only assertions retained for `payment` (row visible) and `attendance` (recipientName absent) | ✅ |
| Salary/social intentionally skip preview assertions (empty month) — documented | ✅ |
| `verify.sh` + `browser-smoke.sh` pass | ✅ |

### S48 Acceptance — Implemented & Covered

**PASS.** The helper closes the gap that S47 left static: every frontend labor-report dropdown type is now driven through the real Chrome export button, validated via real xlsx parsing (ExcelJS), and confirmed via the actual `react-hot-toast` `[role="status"]` success container. The shape is clean, the existing tests still pass, and no regressions are introduced.
